Assuming unrestricted shared filesystem usage.
host: Vansh
Building DAG of jobs...
Using shell: /usr/bin/bash
Provided cores: 4
Rules claiming more threads will be scaled down.
Job stats:
job        count
-------  -------
lln_sim        7
plot           1
all            1
total          9

Select jobs to execute...
Execute 4 jobs...
[Thu May 14 15:49:26 2026]
localrule lln_sim:
    input: scripts/lln_sim.py
    output: results/1000/5.txt
    jobid: 2
    reason: Missing output files: results/1000/5.txt
    wildcards: k=5
    resources: tmpdir=/tmp
[Thu May 14 15:49:26 2026]
localrule lln_sim:
    input: scripts/lln_sim.py
    output: results/1000/1000.txt
    jobid: 8
    reason: Missing output files: results/1000/1000.txt
    wildcards: k=1000
    resources: tmpdir=/tmp
[Thu May 14 15:49:27 2026]
localrule lln_sim:
    input: scripts/lln_sim.py
    output: results/1000/10.txt
    jobid: 3
    reason: Missing output files: results/1000/10.txt
    wildcards: k=10
    resources: tmpdir=/tmp
[Thu May 14 15:49:27 2026]
localrule lln_sim:
    input: scripts/lln_sim.py
    output: results/1000/50.txt
    jobid: 5
    reason: Missing output files: results/1000/50.txt
    wildcards: k=50
    resources: tmpdir=/tmp
[Thu May 14 15:49:27 2026]
Finished jobid: 2 (Rule: lln_sim)
1 of 9 steps (11%) done
Select jobs to execute...
Execute 1 jobs...
[Thu May 14 15:49:27 2026]
localrule lln_sim:
    input: scripts/lln_sim.py
    output: results/1000/100.txt
    jobid: 6
    reason: Missing output files: results/1000/100.txt
    wildcards: k=100
    resources: tmpdir=/tmp
[Thu May 14 15:49:27 2026]
Finished jobid: 8 (Rule: lln_sim)
2 of 9 steps (22%) done
[Thu May 14 15:49:27 2026]
Finished jobid: 3 (Rule: lln_sim)
3 of 9 steps (33%) done
[Thu May 14 15:49:27 2026]
Finished jobid: 5 (Rule: lln_sim)
4 of 9 steps (44%) done
Select jobs to execute...
Execute 2 jobs...
[Thu May 14 15:49:27 2026]
localrule lln_sim:
    input: scripts/lln_sim.py
    output: results/1000/200.txt
    jobid: 7
    reason: Missing output files: results/1000/200.txt
    wildcards: k=200
    resources: tmpdir=/tmp
[Thu May 14 15:49:27 2026]
localrule lln_sim:
    input: scripts/lln_sim.py
    output: results/1000/25.txt
    jobid: 4
    reason: Missing output files: results/1000/25.txt
    wildcards: k=25
    resources: tmpdir=/tmp
[Thu May 14 15:49:27 2026]
Finished jobid: 6 (Rule: lln_sim)
5 of 9 steps (56%) done
[Thu May 14 15:49:28 2026]
Finished jobid: 7 (Rule: lln_sim)
6 of 9 steps (67%) done
[Thu May 14 15:49:28 2026]
Finished jobid: 4 (Rule: lln_sim)
7 of 9 steps (78%) done
Select jobs to execute...
Execute 1 jobs...
[Thu May 14 15:49:28 2026]
localrule plot:
    input: results/1000/5.txt, results/1000/10.txt, results/1000/25.txt, results/1000/50.txt, results/1000/100.txt, results/1000/200.txt, results/1000/1000.txt
    output: plots/1000.png
    jobid: 1
    reason: Missing output files: plots/1000.png; Input files updated by another job: results/1000/1000.txt, results/1000/25.txt, results/1000/100.txt, results/1000/10.txt, results/1000/50.txt, results/1000/200.txt, results/1000/5.txt
    resources: tmpdir=/tmp
[Thu May 14 15:49:30 2026]
Finished jobid: 1 (Rule: plot)
8 of 9 steps (89%) done
Select jobs to execute...
Execute 1 jobs...
[Thu May 14 15:49:30 2026]
localrule all:
    input: plots/1000.png
    jobid: 0
    reason: Input files updated by another job: plots/1000.png
    resources: tmpdir=/tmp
[Thu May 14 15:49:30 2026]
Finished jobid: 0 (Rule: all)
9 of 9 steps (100%) done
Complete log(s): /mnt/c/Users/VANSH/OneDrive - iitr.ac.in/Acads/semester_6/BET-105/lln_simulation/.snakemake/log/2026-05-14T154925.788370.snakemake.log
