Assuming unrestricted shared filesystem usage.
host: Vansh
Building DAG of jobs...
Using shell: /usr/bin/bash
Provided cores: 4
Rules claiming more threads will be scaled down.
Job stats:
job      count
-----  -------
plot         1
all          1
total        2

Select jobs to execute...
Execute 1 jobs...
[Thu May 14 16:16:25 2026]
localrule plot:
    input: results/1000/5.txt, results/1000/10.txt, results/1000/25.txt, results/1000/50.txt, results/1000/100.txt, results/1000/200.txt, results/1000/1000.txt, results/1000/2000.txt
    output: plots/1000.png
    jobid: 1
    reason: Missing output files: plots/1000.png
    resources: tmpdir=/tmp
[Thu May 14 16:16:27 2026]
Finished jobid: 1 (Rule: plot)
1 of 2 steps (50%) done
Select jobs to execute...
Execute 1 jobs...
[Thu May 14 16:16:27 2026]
localrule all:
    input: plots/1000.png
    jobid: 0
    reason: Input files updated by another job: plots/1000.png
    resources: tmpdir=/tmp
[Thu May 14 16:16:27 2026]
Finished jobid: 0 (Rule: all)
2 of 2 steps (100%) done
Complete log(s): /mnt/c/Users/VANSH/OneDrive - iitr.ac.in/Acads/semester_6/BET-105/lln_simulation/.snakemake/log/2026-05-14T161624.320907.snakemake.log
